# JRE version: Java(TM) SE Runtime Environment (8.0_202-b08) (build 1.8.0_202-b08)
# Java VM: Java HotSpot(TM) 64-Bit Server VM (25.202-b08 mixed mode windows-amd64 compressed oops)
Heap:
 PSYoungGen      total 139776K, used 21076K [0x000000076c380000, 0x0000000777500000, 0x00000007c0000000)
  eden space 129024K, 16% used [0x000000076c380000,0x000000076d815148,0x0000000774180000)
  from space 10752K, 0% used [0x0000000774180000,0x0000000774180000,0x0000000774c00000)
  to   space 10752K, 0% used [0x0000000776a80000,0x0000000776a80000,0x0000000777500000)
 ParOldGen       total 211968K, used 19120K [0x00000006c4a00000, 0x00000006d1900000, 0x000000076c380000)
  object space 211968K, 9% used [0x00000006c4a00000,0x00000006c5cac368,0x00000006d1900000)
 Metaspace       used 34713K, capacity 35848K, committed 36224K, reserved 1081344K
  class space    used 4141K, capacity 4460K, committed 4480K, reserved 1048576K
GC Heap History (10 events):
Event: 0.453 GC heap before
{Heap before GC invocations=1 (full 0):
 PSYoungGen      total 75264K, used 64512K [0x000000076c380000, 0x0000000771780000, 0x00000007c0000000)
  eden space 64512K, 100% used [0x000000076c380000,0x0000000770280000,0x0000000770280000)
  from space 10752K, 0% used [0x0000000770d00000,0x0000000770d00000,0x0000000771780000)
  to   space 10752K, 0% used [0x0000000770280000,0x0000000770280000,0x0000000770d00000)
 ParOldGen       total 172032K, used 0K [0x00000006c4a00000, 0x00000006cf200000, 0x000000076c380000)
  object space 172032K, 0% used [0x00000006c4a00000,0x00000006c4a00000,0x00000006cf200000)
 Metaspace       used 13217K, capacity 14102K, committed 14208K, reserved 1060864K
  class space    used 1629K, capacity 1874K, committed 1920K, reserved 1048576K
Event: 0.460 GC heap after
Heap after GC invocations=1 (full 0):
 PSYoungGen      total 75264K, used 10670K [0x000000076c380000, 0x0000000775680000, 0x00000007c0000000)
  eden space 64512K, 0% used [0x000000076c380000,0x000000076c380000,0x0000000770280000)
  from space 10752K, 99% used [0x0000000770280000,0x0000000770cebba8,0x0000000770d00000)
  to   space 10752K, 0% used [0x0000000774c00000,0x0000000774c00000,0x0000000775680000)
 ParOldGen       total 172032K, used 16K [0x00000006c4a00000, 0x00000006cf200000, 0x000000076c380000)
  object space 172032K, 0% used [0x00000006c4a00000,0x00000006c4a04000,0x00000006cf200000)
 Metaspace       used 13217K, capacity 14102K, committed 14208K, reserved 1060864K
  class space    used 1629K, capacity 1874K, committed 1920K, reserved 1048576K
}
Event: 1.056 GC heap before
{Heap before GC invocations=2 (full 0):
 PSYoungGen      total 75264K, used 72138K [0x000000076c380000, 0x0000000775680000, 0x00000007c0000000)
  eden space 64512K, 95% used [0x000000076c380000,0x000000076ff86d88,0x0000000770280000)
  from space 10752K, 99% used [0x0000000770280000,0x0000000770cebba8,0x0000000770d00000)
  to   space 10752K, 0% used [0x0000000774c00000,0x0000000774c00000,0x0000000775680000)
 ParOldGen       total 172032K, used 16K [0x00000006c4a00000, 0x00000006cf200000, 0x000000076c380000)
  object space 172032K, 0% used [0x00000006c4a00000,0x00000006c4a04000,0x00000006cf200000)
 Metaspace       used 20123K, capacity 21140K, committed 21296K, reserved 1067008K
  class space    used 2566K, capacity 2869K, committed 2944K, reserved 1048576K
Event: 1.064 GC heap after
Heap after GC invocations=2 (full 0):
 PSYoungGen      total 139776K, used 10720K [0x000000076c380000, 0x0000000775680000, 0x00000007c0000000)
  eden space 129024K, 0% used [0x000000076c380000,0x000000076c380000,0x0000000774180000)
  from space 10752K, 99% used [0x0000000774c00000,0x0000000775678080,0x0000000775680000)
  to   space 10752K, 0% used [0x0000000774180000,0x0000000774180000,0x0000000774c00000)
 ParOldGen       total 172032K, used 3424K [0x00000006c4a00000, 0x00000006cf200000, 0x000000076c380000)
  object space 172032K, 1% used [0x00000006c4a00000,0x00000006c4d58280,0x00000006cf200000)
 Metaspace       used 20123K, capacity 21140K, committed 21296K, reserved 1067008K
  class space    used 2566K, capacity 2869K, committed 2944K, reserved 1048576K
}
Event: 1.064 GC heap before
{Heap before GC invocations=3 (full 1):
 PSYoungGen      total 139776K, used 10720K [0x000000076c380000, 0x0000000775680000, 0x00000007c0000000)
  eden space 129024K, 0% used [0x000000076c380000,0x000000076c380000,0x0000000774180000)
  from space 10752K, 99% used [0x0000000774c00000,0x0000000775678080,0x0000000775680000)
  to   space 10752K, 0% used [0x0000000774180000,0x0000000774180000,0x0000000774c00000)
 ParOldGen       total 172032K, used 3424K [0x00000006c4a00000, 0x00000006cf200000, 0x000000076c380000)
  object space 172032K, 1% used [0x00000006c4a00000,0x00000006c4d58280,0x00000006cf200000)
 Metaspace       used 20123K, capacity 21140K, committed 21296K, reserved 1067008K
  class space    used 2566K, capacity 2869K, committed 2944K, reserved 1048576K
Event: 1.095 GC heap after
Heap after GC invocations=3 (full 1):
 PSYoungGen      total 139776K, used 0K [0x000000076c380000, 0x0000000775680000, 0x00000007c0000000)
  eden space 129024K, 0% used [0x000000076c380000,0x000000076c380000,0x0000000774180000)
  from space 10752K, 0% used [0x0000000774c00000,0x0000000774c00000,0x0000000775680000)
  to   space 10752K, 0% used [0x0000000774180000,0x0000000774180000,0x0000000774c00000)
 ParOldGen       total 128000K, used 13875K [0x00000006c4a00000, 0x00000006cc700000, 0x000000076c380000)
  object space 128000K, 10% used [0x00000006c4a00000,0x00000006c578cde0,0x00000006cc700000)
 Metaspace       used 20122K, capacity 21138K, committed 21296K, reserved 1067008K
  class space    used 2565K, capacity 2868K, committed 2944K, reserved 1048576K
}
Event: 3.962 GC heap before
{Heap before GC invocations=4 (full 1):
 PSYoungGen      total 139776K, used 115072K [0x000000076c380000, 0x0000000775680000, 0x00000007c0000000)
  eden space 129024K, 89% used [0x000000076c380000,0x00000007733e01a0,0x0000000774180000)
  from space 10752K, 0% used [0x0000000774c00000,0x0000000774c00000,0x0000000775680000)
  to   space 10752K, 0% used [0x0000000774180000,0x0000000774180000,0x0000000774c00000)
 ParOldGen       total 128000K, used 13875K [0x00000006c4a00000, 0x00000006cc700000, 0x000000076c380000)
  object space 128000K, 10% used [0x00000006c4a00000,0x00000006c578cde0,0x00000006cc700000)
 Metaspace       used 34125K, capacity 35188K, committed 35456K, reserved 1081344K
  class space    used 4087K, capacity 4394K, committed 4480K, reserved 1048576K
Event: 3.969 GC heap after
Heap after GC invocations=4 (full 1):
 PSYoungGen      total 139776K, used 7515K [0x000000076c380000, 0x0000000777500000, 0x00000007c0000000)
  eden space 129024K, 0% used [0x000000076c380000,0x000000076c380000,0x0000000774180000)
  from space 10752K, 69% used [0x0000000774180000,0x00000007748d6d20,0x0000000774c00000)
  to   space 10752K, 0% used [0x0000000776a80000,0x0000000776a80000,0x0000000777500000)
 ParOldGen       total 128000K, used 13883K [0x00000006c4a00000, 0x00000006cc700000, 0x000000076c380000)
  object space 128000K, 10% used [0x00000006c4a00000,0x00000006c578ede0,0x00000006cc700000)
 Metaspace       used 34125K, capacity 35188K, committed 35456K, reserved 1081344K
  class space    used 4087K, capacity 4394K, committed 4480K, reserved 1048576K
}
Event: 3.969 GC heap before
{Heap before GC invocations=5 (full 2):
 PSYoungGen      total 139776K, used 7515K [0x000000076c380000, 0x0000000777500000, 0x00000007c0000000)
  eden space 129024K, 0% used [0x000000076c380000,0x000000076c380000,0x0000000774180000)
  from space 10752K, 69% used [0x0000000774180000,0x00000007748d6d20,0x0000000774c00000)
  to   space 10752K, 0% used [0x0000000776a80000,0x0000000776a80000,0x0000000777500000)
 ParOldGen       total 128000K, used 13883K [0x00000006c4a00000, 0x00000006cc700000, 0x000000076c380000)
  object space 128000K, 10% used [0x00000006c4a00000,0x00000006c578ede0,0x00000006cc700000)
 Metaspace       used 34125K, capacity 35188K, committed 35456K, reserved 1081344K
  class space    used 4087K, capacity 4394K, committed 4480K, reserved 1048576K
Event: 4.021 GC heap after
Heap after GC invocations=5 (full 2):
 PSYoungGen      total 139776K, used 0K [0x000000076c380000, 0x0000000777500000, 0x00000007c0000000)
  eden space 129024K, 0% used [0x000000076c380000,0x000000076c380000,0x0000000774180000)
  from space 10752K, 0% used [0x0000000774180000,0x0000000774180000,0x0000000774c00000)
  to   space 10752K, 0% used [0x0000000776a80000,0x0000000776a80000,0x0000000777500000)
 ParOldGen       total 211968K, used 19120K [0x00000006c4a00000, 0x00000006d1900000, 0x000000076c380000)
  object space 211968K, 9% used [0x00000006c4a00000,0x00000006c5cac368,0x00000006d1900000)
 Metaspace       used 34125K, capacity 35188K, committed 35456K, reserved 1081344K
  class space    used 4087K, capacity 4394K, committed 4480K, reserved 1048576K
}

