# JRE version: Java(TM) SE Runtime Environment (8.0_202-b08) (build 1.8.0_202-b08)
# Java VM: Java HotSpot(TM) 64-Bit Server VM (25.202-b08 mixed mode windows-amd64 compressed oops)
Heap:
 PSYoungGen      total 139776K, used 15919K [0x000000076c380000, 0x0000000777500000, 0x00000007c0000000)
  eden space 129024K, 12% used [0x000000076c380000,0x000000076d30bf38,0x0000000774180000)
  from space 10752K, 0% used [0x0000000774180000,0x0000000774180000,0x0000000774c00000)
  to   space 10752K, 0% used [0x0000000776a80000,0x0000000776a80000,0x0000000777500000)
 ParOldGen       total 203776K, used 18695K [0x00000006c4a00000, 0x00000006d1100000, 0x000000076c380000)
  object space 203776K, 9% used [0x00000006c4a00000,0x00000006c5c41d48,0x00000006d1100000)
 Metaspace       used 35286K, capacity 36420K, committed 36648K, reserved 1081344K
  class space    used 4174K, capacity 4460K, committed 4480K, reserved 1048576K
GC Heap History (10 events):
Event: 0.417 GC heap before
{Heap before GC invocations=1 (full 0):
 PSYoungGen      total 75264K, used 64512K [0x000000076c380000, 0x0000000771780000, 0x00000007c0000000)
  eden space 64512K, 100% used [0x000000076c380000,0x0000000770280000,0x0000000770280000)
  from space 10752K, 0% used [0x0000000770d00000,0x0000000770d00000,0x0000000771780000)
  to   space 10752K, 0% used [0x0000000770280000,0x0000000770280000,0x0000000770d00000)
 ParOldGen       total 172032K, used 0K [0x00000006c4a00000, 0x00000006cf200000, 0x000000076c380000)
  object space 172032K, 0% used [0x00000006c4a00000,0x00000006c4a00000,0x00000006cf200000)
 Metaspace       used 13211K, capacity 14134K, committed 14208K, reserved 1060864K
  class space    used 1630K, capacity 1906K, committed 1920K, reserved 1048576K
Event: 0.423 GC heap after
Heap after GC invocations=1 (full 0):
 PSYoungGen      total 75264K, used 10035K [0x000000076c380000, 0x0000000775680000, 0x00000007c0000000)
  eden space 64512K, 0% used [0x000000076c380000,0x000000076c380000,0x0000000770280000)
  from space 10752K, 93% used [0x0000000770280000,0x0000000770c4cd38,0x0000000770d00000)
  to   space 10752K, 0% used [0x0000000774c00000,0x0000000774c00000,0x0000000775680000)
 ParOldGen       total 172032K, used 16K [0x00000006c4a00000, 0x00000006cf200000, 0x000000076c380000)
  object space 172032K, 0% used [0x00000006c4a00000,0x00000006c4a04000,0x00000006cf200000)
 Metaspace       used 13211K, capacity 14134K, committed 14208K, reserved 1060864K
  class space    used 1630K, capacity 1906K, committed 1920K, reserved 1048576K
}
Event: 1.001 GC heap before
{Heap before GC invocations=2 (full 0):
 PSYoungGen      total 75264K, used 72209K [0x000000076c380000, 0x0000000775680000, 0x00000007c0000000)
  eden space 64512K, 96% used [0x000000076c380000,0x0000000770037868,0x0000000770280000)
  from space 10752K, 93% used [0x0000000770280000,0x0000000770c4cd38,0x0000000770d00000)
  to   space 10752K, 0% used [0x0000000774c00000,0x0000000774c00000,0x0000000775680000)
 ParOldGen       total 172032K, used 16K [0x00000006c4a00000, 0x00000006cf200000, 0x000000076c380000)
  object space 172032K, 0% used [0x00000006c4a00000,0x00000006c4a04000,0x00000006cf200000)
 Metaspace       used 20126K, capacity 21140K, committed 21296K, reserved 1067008K
  class space    used 2568K, capacity 2869K, committed 2944K, reserved 1048576K
Event: 1.010 GC heap after
Heap after GC invocations=2 (full 0):
 PSYoungGen      total 139776K, used 10732K [0x000000076c380000, 0x0000000775680000, 0x00000007c0000000)
  eden space 129024K, 0% used [0x000000076c380000,0x000000076c380000,0x0000000774180000)
  from space 10752K, 99% used [0x0000000774c00000,0x000000077567b320,0x0000000775680000)
  to   space 10752K, 0% used [0x0000000774180000,0x0000000774180000,0x0000000774c00000)
 ParOldGen       total 172032K, used 3498K [0x00000006c4a00000, 0x00000006cf200000, 0x000000076c380000)
  object space 172032K, 2% used [0x00000006c4a00000,0x00000006c4d6a900,0x00000006cf200000)
 Metaspace       used 20126K, capacity 21140K, committed 21296K, reserved 1067008K
  class space    used 2568K, capacity 2869K, committed 2944K, reserved 1048576K
}
Event: 1.010 GC heap before
{Heap before GC invocations=3 (full 1):
 PSYoungGen      total 139776K, used 10732K [0x000000076c380000, 0x0000000775680000, 0x00000007c0000000)
  eden space 129024K, 0% used [0x000000076c380000,0x000000076c380000,0x0000000774180000)
  from space 10752K, 99% used [0x0000000774c00000,0x000000077567b320,0x0000000775680000)
  to   space 10752K, 0% used [0x0000000774180000,0x0000000774180000,0x0000000774c00000)
 ParOldGen       total 172032K, used 3498K [0x00000006c4a00000, 0x00000006cf200000, 0x000000076c380000)
  object space 172032K, 2% used [0x00000006c4a00000,0x00000006c4d6a900,0x00000006cf200000)
 Metaspace       used 20126K, capacity 21140K, committed 21296K, reserved 1067008K
  class space    used 2568K, capacity 2869K, committed 2944K, reserved 1048576K
Event: 1.041 GC heap after
Heap after GC invocations=3 (full 1):
 PSYoungGen      total 139776K, used 0K [0x000000076c380000, 0x0000000775680000, 0x00000007c0000000)
  eden space 129024K, 0% used [0x000000076c380000,0x000000076c380000,0x0000000774180000)
  from space 10752K, 0% used [0x0000000774c00000,0x0000000774c00000,0x0000000775680000)
  to   space 10752K, 0% used [0x0000000774180000,0x0000000774180000,0x0000000774c00000)
 ParOldGen       total 127488K, used 13954K [0x00000006c4a00000, 0x00000006cc680000, 0x000000076c380000)
  object space 127488K, 10% used [0x00000006c4a00000,0x00000006c57a08f8,0x00000006cc680000)
 Metaspace       used 20125K, capacity 21138K, committed 21296K, reserved 1067008K
  class space    used 2567K, capacity 2868K, committed 2944K, reserved 1048576K
}
Event: 9.311 GC heap before
{Heap before GC invocations=4 (full 1):
 PSYoungGen      total 139776K, used 78394K [0x000000076c380000, 0x0000000775680000, 0x00000007c0000000)
  eden space 129024K, 60% used [0x000000076c380000,0x000000077100eb08,0x0000000774180000)
  from space 10752K, 0% used [0x0000000774c00000,0x0000000774c00000,0x0000000775680000)
  to   space 10752K, 0% used [0x0000000774180000,0x0000000774180000,0x0000000774c00000)
 ParOldGen       total 127488K, used 13954K [0x00000006c4a00000, 0x00000006cc680000, 0x000000076c380000)
  object space 127488K, 10% used [0x00000006c4a00000,0x00000006c57a08f8,0x00000006cc680000)
 Metaspace       used 34091K, capacity 35194K, committed 35496K, reserved 1081344K
  class space    used 4049K, capacity 4331K, committed 4352K, reserved 1048576K
Event: 9.315 GC heap after
Heap after GC invocations=4 (full 1):
 PSYoungGen      total 139776K, used 7053K [0x000000076c380000, 0x0000000777500000, 0x00000007c0000000)
  eden space 129024K, 0% used [0x000000076c380000,0x000000076c380000,0x0000000774180000)
  from space 10752K, 65% used [0x0000000774180000,0x00000007748634c8,0x0000000774c00000)
  to   space 10752K, 0% used [0x0000000776a80000,0x0000000776a80000,0x0000000777500000)
 ParOldGen       total 127488K, used 13962K [0x00000006c4a00000, 0x00000006cc680000, 0x000000076c380000)
  object space 127488K, 10% used [0x00000006c4a00000,0x00000006c57a28f8,0x00000006cc680000)
 Metaspace       used 34091K, capacity 35194K, committed 35496K, reserved 1081344K
  class space    used 4049K, capacity 4331K, committed 4352K, reserved 1048576K
}
Event: 9.315 GC heap before
{Heap before GC invocations=5 (full 2):
 PSYoungGen      total 139776K, used 7053K [0x000000076c380000, 0x0000000777500000, 0x00000007c0000000)
  eden space 129024K, 0% used [0x000000076c380000,0x000000076c380000,0x0000000774180000)
  from space 10752K, 65% used [0x0000000774180000,0x00000007748634c8,0x0000000774c00000)
  to   space 10752K, 0% used [0x0000000776a80000,0x0000000776a80000,0x0000000777500000)
 ParOldGen       total 127488K, used 13962K [0x00000006c4a00000, 0x00000006cc680000, 0x000000076c380000)
  object space 127488K, 10% used [0x00000006c4a00000,0x00000006c57a28f8,0x00000006cc680000)
 Metaspace       used 34091K, capacity 35194K, committed 35496K, reserved 1081344K
  class space    used 4049K, capacity 4331K, committed 4352K, reserved 1048576K
Event: 9.360 GC heap after
Heap after GC invocations=5 (full 2):
 PSYoungGen      total 139776K, used 0K [0x000000076c380000, 0x0000000777500000, 0x00000007c0000000)
  eden space 129024K, 0% used [0x000000076c380000,0x000000076c380000,0x0000000774180000)
  from space 10752K, 0% used [0x0000000774180000,0x0000000774180000,0x0000000774c00000)
  to   space 10752K, 0% used [0x0000000776a80000,0x0000000776a80000,0x0000000777500000)
 ParOldGen       total 203776K, used 18695K [0x00000006c4a00000, 0x00000006d1100000, 0x000000076c380000)
  object space 203776K, 9% used [0x00000006c4a00000,0x00000006c5c41d48,0x00000006d1100000)
 Metaspace       used 34091K, capacity 35194K, committed 35496K, reserved 1081344K
  class space    used 4049K, capacity 4331K, committed 4352K, reserved 1048576K
}

