# JRE version: Java(TM) SE Runtime Environment (8.0_202-b08) (build 1.8.0_202-b08)
# Java VM: Java HotSpot(TM) 64-Bit Server VM (25.202-b08 mixed mode windows-amd64 compressed oops)
Heap:
 PSYoungGen      total 139776K, used 75799K [0x000000076c380000, 0x0000000775680000, 0x00000007c0000000)
  eden space 129024K, 58% used [0x000000076c380000,0x0000000770d85d18,0x0000000774180000)
  from space 10752K, 0% used [0x0000000774c00000,0x0000000774c00000,0x0000000775680000)
  to   space 10752K, 0% used [0x0000000774180000,0x0000000774180000,0x0000000774c00000)
 ParOldGen       total 129536K, used 13935K [0x00000006c4a00000, 0x00000006cc880000, 0x000000076c380000)
  object space 129536K, 10% used [0x00000006c4a00000,0x00000006c579be18,0x00000006cc880000)
 Metaspace       used 33576K, capacity 34644K, committed 35200K, reserved 1079296K
  class space    used 4070K, capacity 4362K, committed 4480K, reserved 1048576K
GC Heap History (6 events):
Event: 0.467 GC heap before
{Heap before GC invocations=1 (full 0):
 PSYoungGen      total 75264K, used 64512K [0x000000076c380000, 0x0000000771780000, 0x00000007c0000000)
  eden space 64512K, 100% used [0x000000076c380000,0x0000000770280000,0x0000000770280000)
  from space 10752K, 0% used [0x0000000770d00000,0x0000000770d00000,0x0000000771780000)
  to   space 10752K, 0% used [0x0000000770280000,0x0000000770280000,0x0000000770d00000)
 ParOldGen       total 172032K, used 0K [0x00000006c4a00000, 0x00000006cf200000, 0x000000076c380000)
  object space 172032K, 0% used [0x00000006c4a00000,0x00000006c4a00000,0x00000006cf200000)
 Metaspace       used 13189K, capacity 14070K, committed 14208K, reserved 1060864K
  class space    used 1631K, capacity 1906K, committed 1920K, reserved 1048576K
Event: 0.474 GC heap after
Heap after GC invocations=1 (full 0):
 PSYoungGen      total 75264K, used 10410K [0x000000076c380000, 0x0000000775680000, 0x00000007c0000000)
  eden space 64512K, 0% used [0x000000076c380000,0x000000076c380000,0x0000000770280000)
  from space 10752K, 96% used [0x0000000770280000,0x0000000770caab68,0x0000000770d00000)
  to   space 10752K, 0% used [0x0000000774c00000,0x0000000774c00000,0x0000000775680000)
 ParOldGen       total 172032K, used 16K [0x00000006c4a00000, 0x00000006cf200000, 0x000000076c380000)
  object space 172032K, 0% used [0x00000006c4a00000,0x00000006c4a04000,0x00000006cf200000)
 Metaspace       used 13189K, capacity 14070K, committed 14208K, reserved 1060864K
  class space    used 1631K, capacity 1906K, committed 1920K, reserved 1048576K
}
Event: 1.085 GC heap before
{Heap before GC invocations=2 (full 0):
 PSYoungGen      total 75264K, used 71148K [0x000000076c380000, 0x0000000775680000, 0x00000007c0000000)
  eden space 64512K, 94% used [0x000000076c380000,0x000000076fed0528,0x0000000770280000)
  from space 10752K, 96% used [0x0000000770280000,0x0000000770caab68,0x0000000770d00000)
  to   space 10752K, 0% used [0x0000000774c00000,0x0000000774c00000,0x0000000775680000)
 ParOldGen       total 172032K, used 16K [0x00000006c4a00000, 0x00000006cf200000, 0x000000076c380000)
  object space 172032K, 0% used [0x00000006c4a00000,0x00000006c4a04000,0x00000006cf200000)
 Metaspace       used 20129K, capacity 21140K, committed 21296K, reserved 1067008K
  class space    used 2571K, capacity 2869K, committed 2944K, reserved 1048576K
Event: 1.093 GC heap after
Heap after GC invocations=2 (full 0):
 PSYoungGen      total 139776K, used 10724K [0x000000076c380000, 0x0000000775680000, 0x00000007c0000000)
  eden space 129024K, 0% used [0x000000076c380000,0x000000076c380000,0x0000000774180000)
  from space 10752K, 99% used [0x0000000774c00000,0x0000000775679300,0x0000000775680000)
  to   space 10752K, 0% used [0x0000000774180000,0x0000000774180000,0x0000000774c00000)
 ParOldGen       total 172032K, used 3494K [0x00000006c4a00000, 0x00000006cf200000, 0x000000076c380000)
  object space 172032K, 2% used [0x00000006c4a00000,0x00000006c4d69ba0,0x00000006cf200000)
 Metaspace       used 20129K, capacity 21140K, committed 21296K, reserved 1067008K
  class space    used 2571K, capacity 2869K, committed 2944K, reserved 1048576K
}
Event: 1.093 GC heap before
{Heap before GC invocations=3 (full 1):
 PSYoungGen      total 139776K, used 10724K [0x000000076c380000, 0x0000000775680000, 0x00000007c0000000)
  eden space 129024K, 0% used [0x000000076c380000,0x000000076c380000,0x0000000774180000)
  from space 10752K, 99% used [0x0000000774c00000,0x0000000775679300,0x0000000775680000)
  to   space 10752K, 0% used [0x0000000774180000,0x0000000774180000,0x0000000774c00000)
 ParOldGen       total 172032K, used 3494K [0x00000006c4a00000, 0x00000006cf200000, 0x000000076c380000)
  object space 172032K, 2% used [0x00000006c4a00000,0x00000006c4d69ba0,0x00000006cf200000)
 Metaspace       used 20129K, capacity 21140K, committed 21296K, reserved 1067008K
  class space    used 2571K, capacity 2869K, committed 2944K, reserved 1048576K
Event: 1.130 GC heap after
Heap after GC invocations=3 (full 1):
 PSYoungGen      total 139776K, used 0K [0x000000076c380000, 0x0000000775680000, 0x00000007c0000000)
  eden space 129024K, 0% used [0x000000076c380000,0x000000076c380000,0x0000000774180000)
  from space 10752K, 0% used [0x0000000774c00000,0x0000000774c00000,0x0000000775680000)
  to   space 10752K, 0% used [0x0000000774180000,0x0000000774180000,0x0000000774c00000)
 ParOldGen       total 129536K, used 13935K [0x00000006c4a00000, 0x00000006cc880000, 0x000000076c380000)
  object space 129536K, 10% used [0x00000006c4a00000,0x00000006c579be18,0x00000006cc880000)
 Metaspace       used 20128K, capacity 21138K, committed 21296K, reserved 1067008K
  class space    used 2571K, capacity 2868K, committed 2944K, reserved 1048576K
}

