# JRE version: Java(TM) SE Runtime Environment (8.0_202-b08) (build 1.8.0_202-b08)
# Java VM: Java HotSpot(TM) 64-Bit Server VM (25.202-b08 mixed mode windows-amd64 compressed oops)
Heap:
 PSYoungGen      total 139776K, used 78906K [0x000000076c380000, 0x0000000775680000, 0x00000007c0000000)
  eden space 129024K, 61% used [0x000000076c380000,0x000000077108e850,0x0000000774180000)
  from space 10752K, 0% used [0x0000000774c00000,0x0000000774c00000,0x0000000775680000)
  to   space 10752K, 0% used [0x0000000774180000,0x0000000774180000,0x0000000774c00000)
 ParOldGen       total 128512K, used 13928K [0x00000006c4a00000, 0x00000006cc780000, 0x000000076c380000)
  object space 128512K, 10% used [0x00000006c4a00000,0x00000006c579a308,0x00000006cc780000)
 Metaspace       used 33895K, capacity 34932K, committed 35456K, reserved 1081344K
  class space    used 4099K, capacity 4394K, committed 4480K, reserved 1048576K
GC Heap History (6 events):
Event: 0.417 GC heap before
{Heap before GC invocations=1 (full 0):
 PSYoungGen      total 75264K, used 64512K [0x000000076c380000, 0x0000000771780000, 0x00000007c0000000)
  eden space 64512K, 100% used [0x000000076c380000,0x0000000770280000,0x0000000770280000)
  from space 10752K, 0% used [0x0000000770d00000,0x0000000770d00000,0x0000000771780000)
  to   space 10752K, 0% used [0x0000000770280000,0x0000000770280000,0x0000000770d00000)
 ParOldGen       total 172032K, used 0K [0x00000006c4a00000, 0x00000006cf200000, 0x000000076c380000)
  object space 172032K, 0% used [0x00000006c4a00000,0x00000006c4a00000,0x00000006cf200000)
 Metaspace       used 13201K, capacity 14102K, committed 14208K, reserved 1060864K
  class space    used 1628K, capacity 1874K, committed 1920K, reserved 1048576K
Event: 0.423 GC heap after
Heap after GC invocations=1 (full 0):
 PSYoungGen      total 75264K, used 10006K [0x000000076c380000, 0x0000000775680000, 0x00000007c0000000)
  eden space 64512K, 0% used [0x000000076c380000,0x000000076c380000,0x0000000770280000)
  from space 10752K, 93% used [0x0000000770280000,0x0000000770c45930,0x0000000770d00000)
  to   space 10752K, 0% used [0x0000000774c00000,0x0000000774c00000,0x0000000775680000)
 ParOldGen       total 172032K, used 16K [0x00000006c4a00000, 0x00000006cf200000, 0x000000076c380000)
  object space 172032K, 0% used [0x00000006c4a00000,0x00000006c4a04000,0x00000006cf200000)
 Metaspace       used 13201K, capacity 14102K, committed 14208K, reserved 1060864K
  class space    used 1628K, capacity 1874K, committed 1920K, reserved 1048576K
}
Event: 0.987 GC heap before
{Heap before GC invocations=2 (full 0):
 PSYoungGen      total 75264K, used 71441K [0x000000076c380000, 0x0000000775680000, 0x00000007c0000000)
  eden space 64512K, 95% used [0x000000076c380000,0x000000076ff7ed28,0x0000000770280000)
  from space 10752K, 93% used [0x0000000770280000,0x0000000770c45930,0x0000000770d00000)
  to   space 10752K, 0% used [0x0000000774c00000,0x0000000774c00000,0x0000000775680000)
 ParOldGen       total 172032K, used 16K [0x00000006c4a00000, 0x00000006cf200000, 0x000000076c380000)
  object space 172032K, 0% used [0x00000006c4a00000,0x00000006c4a04000,0x00000006cf200000)
 Metaspace       used 20120K, capacity 21140K, committed 21296K, reserved 1067008K
  class space    used 2562K, capacity 2869K, committed 2944K, reserved 1048576K
Event: 0.994 GC heap after
Heap after GC invocations=2 (full 0):
 PSYoungGen      total 139776K, used 10732K [0x000000076c380000, 0x0000000775680000, 0x00000007c0000000)
  eden space 129024K, 0% used [0x000000076c380000,0x000000076c380000,0x0000000774180000)
  from space 10752K, 99% used [0x0000000774c00000,0x000000077567b320,0x0000000775680000)
  to   space 10752K, 0% used [0x0000000774180000,0x0000000774180000,0x0000000774c00000)
 ParOldGen       total 172032K, used 3452K [0x00000006c4a00000, 0x00000006cf200000, 0x000000076c380000)
  object space 172032K, 2% used [0x00000006c4a00000,0x00000006c4d5f0b8,0x00000006cf200000)
 Metaspace       used 20120K, capacity 21140K, committed 21296K, reserved 1067008K
  class space    used 2562K, capacity 2869K, committed 2944K, reserved 1048576K
}
Event: 0.994 GC heap before
{Heap before GC invocations=3 (full 1):
 PSYoungGen      total 139776K, used 10732K [0x000000076c380000, 0x0000000775680000, 0x00000007c0000000)
  eden space 129024K, 0% used [0x000000076c380000,0x000000076c380000,0x0000000774180000)
  from space 10752K, 99% used [0x0000000774c00000,0x000000077567b320,0x0000000775680000)
  to   space 10752K, 0% used [0x0000000774180000,0x0000000774180000,0x0000000774c00000)
 ParOldGen       total 172032K, used 3452K [0x00000006c4a00000, 0x00000006cf200000, 0x000000076c380000)
  object space 172032K, 2% used [0x00000006c4a00000,0x00000006c4d5f0b8,0x00000006cf200000)
 Metaspace       used 20120K, capacity 21140K, committed 21296K, reserved 1067008K
  class space    used 2562K, capacity 2869K, committed 2944K, reserved 1048576K
Event: 1.026 GC heap after
Heap after GC invocations=3 (full 1):
 PSYoungGen      total 139776K, used 0K [0x000000076c380000, 0x0000000775680000, 0x00000007c0000000)
  eden space 129024K, 0% used [0x000000076c380000,0x000000076c380000,0x0000000774180000)
  from space 10752K, 0% used [0x0000000774c00000,0x0000000774c00000,0x0000000775680000)
  to   space 10752K, 0% used [0x0000000774180000,0x0000000774180000,0x0000000774c00000)
 ParOldGen       total 128512K, used 13928K [0x00000006c4a00000, 0x00000006cc780000, 0x000000076c380000)
  object space 128512K, 10% used [0x00000006c4a00000,0x00000006c579a308,0x00000006cc780000)
 Metaspace       used 20119K, capacity 21138K, committed 21296K, reserved 1067008K
  class space    used 2561K, capacity 2868K, committed 2944K, reserved 1048576K
}

