# JRE version: Java(TM) SE Runtime Environment (8.0_202-b08) (build 1.8.0_202-b08)
# Java VM: Java HotSpot(TM) 64-Bit Server VM (25.202-b08 mixed mode windows-amd64 compressed oops)
Heap:
 PSYoungGen      total 139776K, used 17007K [0x000000076c380000, 0x0000000777200000, 0x00000007c0000000)
  eden space 129024K, 13% used [0x000000076c380000,0x000000076d41bfc0,0x0000000774180000)
  from space 10752K, 0% used [0x0000000774180000,0x0000000774180000,0x0000000774c00000)
  to   space 10752K, 0% used [0x0000000776780000,0x0000000776780000,0x0000000777200000)
 ParOldGen       total 208896K, used 18896K [0x00000006c4a00000, 0x00000006d1600000, 0x000000076c380000)
  object space 208896K, 9% used [0x00000006c4a00000,0x00000006c5c74298,0x00000006d1600000)
 Metaspace       used 35588K, capacity 36634K, committed 37032K, reserved 1081344K
  class space    used 4183K, capacity 4491K, committed 4608K, reserved 1048576K
GC Heap History (10 events):
Event: 0.414 GC heap before
{Heap before GC invocations=1 (full 0):
 PSYoungGen      total 75264K, used 64512K [0x000000076c380000, 0x0000000771780000, 0x00000007c0000000)
  eden space 64512K, 100% used [0x000000076c380000,0x0000000770280000,0x0000000770280000)
  from space 10752K, 0% used [0x0000000770d00000,0x0000000770d00000,0x0000000771780000)
  to   space 10752K, 0% used [0x0000000770280000,0x0000000770280000,0x0000000770d00000)
 ParOldGen       total 172032K, used 0K [0x00000006c4a00000, 0x00000006cf200000, 0x000000076c380000)
  object space 172032K, 0% used [0x00000006c4a00000,0x00000006c4a00000,0x00000006cf200000)
 Metaspace       used 13215K, capacity 14102K, committed 14208K, reserved 1060864K
  class space    used 1629K, capacity 1874K, committed 1920K, reserved 1048576K
Event: 0.419 GC heap after
Heap after GC invocations=1 (full 0):
 PSYoungGen      total 75264K, used 10696K [0x000000076c380000, 0x0000000775680000, 0x00000007c0000000)
  eden space 64512K, 0% used [0x000000076c380000,0x000000076c380000,0x0000000770280000)
  from space 10752K, 99% used [0x0000000770280000,0x0000000770cf2088,0x0000000770d00000)
  to   space 10752K, 0% used [0x0000000774c00000,0x0000000774c00000,0x0000000775680000)
 ParOldGen       total 172032K, used 16K [0x00000006c4a00000, 0x00000006cf200000, 0x000000076c380000)
  object space 172032K, 0% used [0x00000006c4a00000,0x00000006c4a04000,0x00000006cf200000)
 Metaspace       used 13215K, capacity 14102K, committed 14208K, reserved 1060864K
  class space    used 1629K, capacity 1874K, committed 1920K, reserved 1048576K
}
Event: 1.004 GC heap before
{Heap before GC invocations=2 (full 0):
 PSYoungGen      total 75264K, used 71146K [0x000000076c380000, 0x0000000775680000, 0x00000007c0000000)
  eden space 64512K, 93% used [0x000000076c380000,0x000000076fe889d0,0x0000000770280000)
  from space 10752K, 99% used [0x0000000770280000,0x0000000770cf2088,0x0000000770d00000)
  to   space 10752K, 0% used [0x0000000774c00000,0x0000000774c00000,0x0000000775680000)
 ParOldGen       total 172032K, used 16K [0x00000006c4a00000, 0x00000006cf200000, 0x000000076c380000)
  object space 172032K, 0% used [0x00000006c4a00000,0x00000006c4a04000,0x00000006cf200000)
 Metaspace       used 20118K, capacity 21140K, committed 21296K, reserved 1067008K
  class space    used 2565K, capacity 2869K, committed 2944K, reserved 1048576K
Event: 1.011 GC heap after
Heap after GC invocations=2 (full 0):
 PSYoungGen      total 139776K, used 10740K [0x000000076c380000, 0x0000000775680000, 0x00000007c0000000)
  eden space 129024K, 0% used [0x000000076c380000,0x000000076c380000,0x0000000774180000)
  from space 10752K, 99% used [0x0000000774c00000,0x000000077567d310,0x0000000775680000)
  to   space 10752K, 0% used [0x0000000774180000,0x0000000774180000,0x0000000774c00000)
 ParOldGen       total 172032K, used 3474K [0x00000006c4a00000, 0x00000006cf200000, 0x000000076c380000)
  object space 172032K, 2% used [0x00000006c4a00000,0x00000006c4d64a58,0x00000006cf200000)
 Metaspace       used 20118K, capacity 21140K, committed 21296K, reserved 1067008K
  class space    used 2565K, capacity 2869K, committed 2944K, reserved 1048576K
}
Event: 1.011 GC heap before
{Heap before GC invocations=3 (full 1):
 PSYoungGen      total 139776K, used 10740K [0x000000076c380000, 0x0000000775680000, 0x00000007c0000000)
  eden space 129024K, 0% used [0x000000076c380000,0x000000076c380000,0x0000000774180000)
  from space 10752K, 99% used [0x0000000774c00000,0x000000077567d310,0x0000000775680000)
  to   space 10752K, 0% used [0x0000000774180000,0x0000000774180000,0x0000000774c00000)
 ParOldGen       total 172032K, used 3474K [0x00000006c4a00000, 0x00000006cf200000, 0x000000076c380000)
  object space 172032K, 2% used [0x00000006c4a00000,0x00000006c4d64a58,0x00000006cf200000)
 Metaspace       used 20118K, capacity 21140K, committed 21296K, reserved 1067008K
  class space    used 2565K, capacity 2869K, committed 2944K, reserved 1048576K
Event: 1.043 GC heap after
Heap after GC invocations=3 (full 1):
 PSYoungGen      total 139776K, used 0K [0x000000076c380000, 0x0000000775680000, 0x00000007c0000000)
  eden space 129024K, 0% used [0x000000076c380000,0x000000076c380000,0x0000000774180000)
  from space 10752K, 0% used [0x0000000774c00000,0x0000000774c00000,0x0000000775680000)
  to   space 10752K, 0% used [0x0000000774180000,0x0000000774180000,0x0000000774c00000)
 ParOldGen       total 129024K, used 13927K [0x00000006c4a00000, 0x00000006cc800000, 0x000000076c380000)
  object space 129024K, 10% used [0x00000006c4a00000,0x00000006c5799da0,0x00000006cc800000)
 Metaspace       used 20117K, capacity 21138K, committed 21296K, reserved 1067008K
  class space    used 2565K, capacity 2868K, committed 2944K, reserved 1048576K
}
Event: 9.972 GC heap before
{Heap before GC invocations=4 (full 1):
 PSYoungGen      total 139776K, used 107120K [0x000000076c380000, 0x0000000775680000, 0x00000007c0000000)
  eden space 129024K, 83% used [0x000000076c380000,0x0000000772c1c2d8,0x0000000774180000)
  from space 10752K, 0% used [0x0000000774c00000,0x0000000774c00000,0x0000000775680000)
  to   space 10752K, 0% used [0x0000000774180000,0x0000000774180000,0x0000000774c00000)
 ParOldGen       total 129024K, used 13927K [0x00000006c4a00000, 0x00000006cc800000, 0x000000076c380000)
  object space 129024K, 10% used [0x00000006c4a00000,0x00000006c5799da0,0x00000006cc800000)
 Metaspace       used 34201K, capacity 35258K, committed 35496K, reserved 1081344K
  class space    used 4034K, capacity 4331K, committed 4352K, reserved 1048576K
Event: 9.977 GC heap after
Heap after GC invocations=4 (full 1):
 PSYoungGen      total 139776K, used 7325K [0x000000076c380000, 0x0000000777200000, 0x00000007c0000000)
  eden space 129024K, 0% used [0x000000076c380000,0x000000076c380000,0x0000000774180000)
  from space 10752K, 68% used [0x0000000774180000,0x00000007748a74b0,0x0000000774c00000)
  to   space 10752K, 0% used [0x0000000776780000,0x0000000776780000,0x0000000777200000)
 ParOldGen       total 129024K, used 13935K [0x00000006c4a00000, 0x00000006cc800000, 0x000000076c380000)
  object space 129024K, 10% used [0x00000006c4a00000,0x00000006c579bda0,0x00000006cc800000)
 Metaspace       used 34201K, capacity 35258K, committed 35496K, reserved 1081344K
  class space    used 4034K, capacity 4331K, committed 4352K, reserved 1048576K
}
Event: 9.977 GC heap before
{Heap before GC invocations=5 (full 2):
 PSYoungGen      total 139776K, used 7325K [0x000000076c380000, 0x0000000777200000, 0x00000007c0000000)
  eden space 129024K, 0% used [0x000000076c380000,0x000000076c380000,0x0000000774180000)
  from space 10752K, 68% used [0x0000000774180000,0x00000007748a74b0,0x0000000774c00000)
  to   space 10752K, 0% used [0x0000000776780000,0x0000000776780000,0x0000000777200000)
 ParOldGen       total 129024K, used 13935K [0x00000006c4a00000, 0x00000006cc800000, 0x000000076c380000)
  object space 129024K, 10% used [0x00000006c4a00000,0x00000006c579bda0,0x00000006cc800000)
 Metaspace       used 34201K, capacity 35258K, committed 35496K, reserved 1081344K
  class space    used 4034K, capacity 4331K, committed 4352K, reserved 1048576K
Event: 10.024 GC heap after
Heap after GC invocations=5 (full 2):
 PSYoungGen      total 139776K, used 0K [0x000000076c380000, 0x0000000777200000, 0x00000007c0000000)
  eden space 129024K, 0% used [0x000000076c380000,0x000000076c380000,0x0000000774180000)
  from space 10752K, 0% used [0x0000000774180000,0x0000000774180000,0x0000000774c00000)
  to   space 10752K, 0% used [0x0000000776780000,0x0000000776780000,0x0000000777200000)
 ParOldGen       total 208896K, used 18896K [0x00000006c4a00000, 0x00000006d1600000, 0x000000076c380000)
  object space 208896K, 9% used [0x00000006c4a00000,0x00000006c5c74298,0x00000006d1600000)
 Metaspace       used 34201K, capacity 35258K, committed 35496K, reserved 1081344K
  class space    used 4034K, capacity 4331K, committed 4352K, reserved 1048576K
}

