# JRE version: Java(TM) SE Runtime Environment (8.0_202-b08) (build 1.8.0_202-b08)
# Java VM: Java HotSpot(TM) 64-Bit Server VM (25.202-b08 mixed mode windows-amd64 compressed oops)
Heap:
 PSYoungGen      total 139776K, used 23428K [0x000000076c380000, 0x0000000777200000, 0x00000007c0000000)
  eden space 129024K, 18% used [0x000000076c380000,0x000000076da611a0,0x0000000774180000)
  from space 10752K, 0% used [0x0000000774180000,0x0000000774180000,0x0000000774c00000)
  to   space 10752K, 0% used [0x0000000776780000,0x0000000776780000,0x0000000777200000)
 ParOldGen       total 210432K, used 21384K [0x00000006c4a00000, 0x00000006d1780000, 0x000000076c380000)
  object space 210432K, 10% used [0x00000006c4a00000,0x00000006c5ee2180,0x00000006d1780000)
 Metaspace       used 35107K, capacity 36200K, committed 36608K, reserved 1081344K
  class space    used 4190K, capacity 4492K, committed 4608K, reserved 1048576K
GC Heap History (10 events):
Event: 0.411 GC heap before
{Heap before GC invocations=1 (full 0):
 PSYoungGen      total 75264K, used 64512K [0x000000076c380000, 0x0000000771780000, 0x00000007c0000000)
  eden space 64512K, 100% used [0x000000076c380000,0x0000000770280000,0x0000000770280000)
  from space 10752K, 0% used [0x0000000770d00000,0x0000000770d00000,0x0000000771780000)
  to   space 10752K, 0% used [0x0000000770280000,0x0000000770280000,0x0000000770d00000)
 ParOldGen       total 172032K, used 0K [0x00000006c4a00000, 0x00000006cf200000, 0x000000076c380000)
  object space 172032K, 0% used [0x00000006c4a00000,0x00000006c4a00000,0x00000006cf200000)
 Metaspace       used 13191K, capacity 14038K, committed 14208K, reserved 1060864K
  class space    used 1629K, capacity 1874K, committed 1920K, reserved 1048576K
Event: 0.417 GC heap after
Heap after GC invocations=1 (full 0):
 PSYoungGen      total 75264K, used 10330K [0x000000076c380000, 0x0000000775680000, 0x00000007c0000000)
  eden space 64512K, 0% used [0x000000076c380000,0x000000076c380000,0x0000000770280000)
  from space 10752K, 96% used [0x0000000770280000,0x0000000770c968b0,0x0000000770d00000)
  to   space 10752K, 0% used [0x0000000774c00000,0x0000000774c00000,0x0000000775680000)
 ParOldGen       total 172032K, used 16K [0x00000006c4a00000, 0x00000006cf200000, 0x000000076c380000)
  object space 172032K, 0% used [0x00000006c4a00000,0x00000006c4a04000,0x00000006cf200000)
 Metaspace       used 13191K, capacity 14038K, committed 14208K, reserved 1060864K
  class space    used 1629K, capacity 1874K, committed 1920K, reserved 1048576K
}
Event: 0.985 GC heap before
{Heap before GC invocations=2 (full 0):
 PSYoungGen      total 75264K, used 73357K [0x000000076c380000, 0x0000000775680000, 0x00000007c0000000)
  eden space 64512K, 97% used [0x000000076c380000,0x000000077010cda8,0x0000000770280000)
  from space 10752K, 96% used [0x0000000770280000,0x0000000770c968b0,0x0000000770d00000)
  to   space 10752K, 0% used [0x0000000774c00000,0x0000000774c00000,0x0000000775680000)
 ParOldGen       total 172032K, used 16K [0x00000006c4a00000, 0x00000006cf200000, 0x000000076c380000)
  object space 172032K, 0% used [0x00000006c4a00000,0x00000006c4a04000,0x00000006cf200000)
 Metaspace       used 20117K, capacity 21140K, committed 21296K, reserved 1067008K
  class space    used 2565K, capacity 2869K, committed 2944K, reserved 1048576K
Event: 0.993 GC heap after
Heap after GC invocations=2 (full 0):
 PSYoungGen      total 139776K, used 10744K [0x000000076c380000, 0x0000000775680000, 0x00000007c0000000)
  eden space 129024K, 0% used [0x000000076c380000,0x000000076c380000,0x0000000774180000)
  from space 10752K, 99% used [0x0000000774c00000,0x000000077567e090,0x0000000775680000)
  to   space 10752K, 0% used [0x0000000774180000,0x0000000774180000,0x0000000774c00000)
 ParOldGen       total 172032K, used 3442K [0x00000006c4a00000, 0x00000006cf200000, 0x000000076c380000)
  object space 172032K, 2% used [0x00000006c4a00000,0x00000006c4d5cbf0,0x00000006cf200000)
 Metaspace       used 20117K, capacity 21140K, committed 21296K, reserved 1067008K
  class space    used 2565K, capacity 2869K, committed 2944K, reserved 1048576K
}
Event: 0.993 GC heap before
{Heap before GC invocations=3 (full 1):
 PSYoungGen      total 139776K, used 10744K [0x000000076c380000, 0x0000000775680000, 0x00000007c0000000)
  eden space 129024K, 0% used [0x000000076c380000,0x000000076c380000,0x0000000774180000)
  from space 10752K, 99% used [0x0000000774c00000,0x000000077567e090,0x0000000775680000)
  to   space 10752K, 0% used [0x0000000774180000,0x0000000774180000,0x0000000774c00000)
 ParOldGen       total 172032K, used 3442K [0x00000006c4a00000, 0x00000006cf200000, 0x000000076c380000)
  object space 172032K, 2% used [0x00000006c4a00000,0x00000006c4d5cbf0,0x00000006cf200000)
 Metaspace       used 20117K, capacity 21140K, committed 21296K, reserved 1067008K
  class space    used 2565K, capacity 2869K, committed 2944K, reserved 1048576K
Event: 1.025 GC heap after
Heap after GC invocations=3 (full 1):
 PSYoungGen      total 139776K, used 0K [0x000000076c380000, 0x0000000775680000, 0x00000007c0000000)
  eden space 129024K, 0% used [0x000000076c380000,0x000000076c380000,0x0000000774180000)
  from space 10752K, 0% used [0x0000000774c00000,0x0000000774c00000,0x0000000775680000)
  to   space 10752K, 0% used [0x0000000774180000,0x0000000774180000,0x0000000774c00000)
 ParOldGen       total 129024K, used 13916K [0x00000006c4a00000, 0x00000006cc800000, 0x000000076c380000)
  object space 129024K, 10% used [0x00000006c4a00000,0x00000006c57971d8,0x00000006cc800000)
 Metaspace       used 20116K, capacity 21138K, committed 21296K, reserved 1067008K
  class space    used 2565K, capacity 2868K, committed 2944K, reserved 1048576K
}
Event: 20.757 GC heap before
{Heap before GC invocations=4 (full 1):
 PSYoungGen      total 139776K, used 77592K [0x000000076c380000, 0x0000000775680000, 0x00000007c0000000)
  eden space 129024K, 60% used [0x000000076c380000,0x0000000770f46340,0x0000000774180000)
  from space 10752K, 0% used [0x0000000774c00000,0x0000000774c00000,0x0000000775680000)
  to   space 10752K, 0% used [0x0000000774180000,0x0000000774180000,0x0000000774c00000)
 ParOldGen       total 129024K, used 13916K [0x00000006c4a00000, 0x00000006cc800000, 0x000000076c380000)
  object space 129024K, 10% used [0x00000006c4a00000,0x00000006c57971d8,0x00000006cc800000)
 Metaspace       used 34071K, capacity 35170K, committed 35456K, reserved 1081344K
  class space    used 4111K, capacity 4427K, committed 4480K, reserved 1048576K
Event: 20.764 GC heap after
Heap after GC invocations=4 (full 1):
 PSYoungGen      total 139776K, used 10727K [0x000000076c380000, 0x0000000777200000, 0x00000007c0000000)
  eden space 129024K, 0% used [0x000000076c380000,0x000000076c380000,0x0000000774180000)
  from space 10752K, 99% used [0x0000000774180000,0x0000000774bf9c10,0x0000000774c00000)
  to   space 10752K, 0% used [0x0000000776780000,0x0000000776780000,0x0000000777200000)
 ParOldGen       total 129024K, used 17025K [0x00000006c4a00000, 0x00000006cc800000, 0x000000076c380000)
  object space 129024K, 13% used [0x00000006c4a00000,0x00000006c5aa0778,0x00000006cc800000)
 Metaspace       used 34071K, capacity 35170K, committed 35456K, reserved 1081344K
  class space    used 4111K, capacity 4427K, committed 4480K, reserved 1048576K
}
Event: 20.764 GC heap before
{Heap before GC invocations=5 (full 2):
 PSYoungGen      total 139776K, used 10727K [0x000000076c380000, 0x0000000777200000, 0x00000007c0000000)
  eden space 129024K, 0% used [0x000000076c380000,0x000000076c380000,0x0000000774180000)
  from space 10752K, 99% used [0x0000000774180000,0x0000000774bf9c10,0x0000000774c00000)
  to   space 10752K, 0% used [0x0000000776780000,0x0000000776780000,0x0000000777200000)
 ParOldGen       total 129024K, used 17025K [0x00000006c4a00000, 0x00000006cc800000, 0x000000076c380000)
  object space 129024K, 13% used [0x00000006c4a00000,0x00000006c5aa0778,0x00000006cc800000)
 Metaspace       used 34071K, capacity 35170K, committed 35456K, reserved 1081344K
  class space    used 4111K, capacity 4427K, committed 4480K, reserved 1048576K
Event: 20.806 GC heap after
Heap after GC invocations=5 (full 2):
 PSYoungGen      total 139776K, used 0K [0x000000076c380000, 0x0000000777200000, 0x00000007c0000000)
  eden space 129024K, 0% used [0x000000076c380000,0x000000076c380000,0x0000000774180000)
  from space 10752K, 0% used [0x0000000774180000,0x0000000774180000,0x0000000774c00000)
  to   space 10752K, 0% used [0x0000000776780000,0x0000000776780000,0x0000000777200000)
 ParOldGen       total 210432K, used 21384K [0x00000006c4a00000, 0x00000006d1780000, 0x000000076c380000)
  object space 210432K, 10% used [0x00000006c4a00000,0x00000006c5ee2180,0x00000006d1780000)
 Metaspace       used 34071K, capacity 35170K, committed 35456K, reserved 1081344K
  class space    used 4111K, capacity 4427K, committed 4480K, reserved 1048576K
}

