# JRE version: Java(TM) SE Runtime Environment (8.0_202-b08) (build 1.8.0_202-b08)
# Java VM: Java HotSpot(TM) 64-Bit Server VM (25.202-b08 mixed mode windows-amd64 compressed oops)
Heap:
 PSYoungGen      total 139776K, used 16716K [0x000000076c380000, 0x0000000777380000, 0x00000007c0000000)
  eden space 129024K, 12% used [0x000000076c380000,0x000000076d3d33c0,0x0000000774180000)
  from space 10752K, 0% used [0x0000000774180000,0x0000000774180000,0x0000000774c00000)
  to   space 10752K, 0% used [0x0000000776900000,0x0000000776900000,0x0000000777380000)
 ParOldGen       total 205824K, used 18703K [0x00000006c4a00000, 0x00000006d1300000, 0x000000076c380000)
  object space 205824K, 9% used [0x00000006c4a00000,0x00000006c5c43ef8,0x00000006d1300000)
 Metaspace       used 35129K, capacity 36160K, committed 36480K, reserved 1081344K
  class space    used 4172K, capacity 4460K, committed 4480K, reserved 1048576K
GC Heap History (10 events):
Event: 0.419 GC heap before
{Heap before GC invocations=1 (full 0):
 PSYoungGen      total 75264K, used 64512K [0x000000076c380000, 0x0000000771780000, 0x00000007c0000000)
  eden space 64512K, 100% used [0x000000076c380000,0x0000000770280000,0x0000000770280000)
  from space 10752K, 0% used [0x0000000770d00000,0x0000000770d00000,0x0000000771780000)
  to   space 10752K, 0% used [0x0000000770280000,0x0000000770280000,0x0000000770d00000)
 ParOldGen       total 172032K, used 0K [0x00000006c4a00000, 0x00000006cf200000, 0x000000076c380000)
  object space 172032K, 0% used [0x00000006c4a00000,0x00000006c4a00000,0x00000006cf200000)
 Metaspace       used 13200K, capacity 14134K, committed 14208K, reserved 1060864K
  class space    used 1630K, capacity 1906K, committed 1920K, reserved 1048576K
Event: 0.425 GC heap after
Heap after GC invocations=1 (full 0):
 PSYoungGen      total 75264K, used 10681K [0x000000076c380000, 0x0000000775680000, 0x00000007c0000000)
  eden space 64512K, 0% used [0x000000076c380000,0x000000076c380000,0x0000000770280000)
  from space 10752K, 99% used [0x0000000770280000,0x0000000770cee630,0x0000000770d00000)
  to   space 10752K, 0% used [0x0000000774c00000,0x0000000774c00000,0x0000000775680000)
 ParOldGen       total 172032K, used 16K [0x00000006c4a00000, 0x00000006cf200000, 0x000000076c380000)
  object space 172032K, 0% used [0x00000006c4a00000,0x00000006c4a04000,0x00000006cf200000)
 Metaspace       used 13200K, capacity 14134K, committed 14208K, reserved 1060864K
  class space    used 1630K, capacity 1906K, committed 1920K, reserved 1048576K
}
Event: 1.027 GC heap before
{Heap before GC invocations=2 (full 0):
 PSYoungGen      total 75264K, used 71066K [0x000000076c380000, 0x0000000775680000, 0x00000007c0000000)
  eden space 64512K, 93% used [0x000000076c380000,0x000000076fe78380,0x0000000770280000)
  from space 10752K, 99% used [0x0000000770280000,0x0000000770cee630,0x0000000770d00000)
  to   space 10752K, 0% used [0x0000000774c00000,0x0000000774c00000,0x0000000775680000)
 ParOldGen       total 172032K, used 16K [0x00000006c4a00000, 0x00000006cf200000, 0x000000076c380000)
  object space 172032K, 0% used [0x00000006c4a00000,0x00000006c4a04000,0x00000006cf200000)
 Metaspace       used 20119K, capacity 21140K, committed 21296K, reserved 1067008K
  class space    used 2566K, capacity 2869K, committed 2944K, reserved 1048576K
Event: 1.035 GC heap after
Heap after GC invocations=2 (full 0):
 PSYoungGen      total 139776K, used 10748K [0x000000076c380000, 0x0000000775680000, 0x00000007c0000000)
  eden space 129024K, 0% used [0x000000076c380000,0x000000076c380000,0x0000000774180000)
  from space 10752K, 99% used [0x0000000774c00000,0x000000077567f330,0x0000000775680000)
  to   space 10752K, 0% used [0x0000000774180000,0x0000000774180000,0x0000000774c00000)
 ParOldGen       total 172032K, used 3495K [0x00000006c4a00000, 0x00000006cf200000, 0x000000076c380000)
  object space 172032K, 2% used [0x00000006c4a00000,0x00000006c4d69e50,0x00000006cf200000)
 Metaspace       used 20119K, capacity 21140K, committed 21296K, reserved 1067008K
  class space    used 2566K, capacity 2869K, committed 2944K, reserved 1048576K
}
Event: 1.035 GC heap before
{Heap before GC invocations=3 (full 1):
 PSYoungGen      total 139776K, used 10748K [0x000000076c380000, 0x0000000775680000, 0x00000007c0000000)
  eden space 129024K, 0% used [0x000000076c380000,0x000000076c380000,0x0000000774180000)
  from space 10752K, 99% used [0x0000000774c00000,0x000000077567f330,0x0000000775680000)
  to   space 10752K, 0% used [0x0000000774180000,0x0000000774180000,0x0000000774c00000)
 ParOldGen       total 172032K, used 3495K [0x00000006c4a00000, 0x00000006cf200000, 0x000000076c380000)
  object space 172032K, 2% used [0x00000006c4a00000,0x00000006c4d69e50,0x00000006cf200000)
 Metaspace       used 20119K, capacity 21140K, committed 21296K, reserved 1067008K
  class space    used 2566K, capacity 2869K, committed 2944K, reserved 1048576K
Event: 1.066 GC heap after
Heap after GC invocations=3 (full 1):
 PSYoungGen      total 139776K, used 0K [0x000000076c380000, 0x0000000775680000, 0x00000007c0000000)
  eden space 129024K, 0% used [0x000000076c380000,0x000000076c380000,0x0000000774180000)
  from space 10752K, 0% used [0x0000000774c00000,0x0000000774c00000,0x0000000775680000)
  to   space 10752K, 0% used [0x0000000774180000,0x0000000774180000,0x0000000774c00000)
 ParOldGen       total 128000K, used 13951K [0x00000006c4a00000, 0x00000006cc700000, 0x000000076c380000)
  object space 128000K, 10% used [0x00000006c4a00000,0x00000006c579fe80,0x00000006cc700000)
 Metaspace       used 20118K, capacity 21138K, committed 21296K, reserved 1067008K
  class space    used 2566K, capacity 2868K, committed 2944K, reserved 1048576K
}
Event: 9.267 GC heap before
{Heap before GC invocations=4 (full 1):
 PSYoungGen      total 139776K, used 81056K [0x000000076c380000, 0x0000000775680000, 0x00000007c0000000)
  eden space 129024K, 62% used [0x000000076c380000,0x00000007712a8160,0x0000000774180000)
  from space 10752K, 0% used [0x0000000774c00000,0x0000000774c00000,0x0000000775680000)
  to   space 10752K, 0% used [0x0000000774180000,0x0000000774180000,0x0000000774c00000)
 ParOldGen       total 128000K, used 13951K [0x00000006c4a00000, 0x00000006cc700000, 0x000000076c380000)
  object space 128000K, 10% used [0x00000006c4a00000,0x00000006c579fe80,0x00000006cc700000)
 Metaspace       used 34096K, capacity 35162K, committed 35456K, reserved 1081344K
  class space    used 4057K, capacity 4363K, committed 4480K, reserved 1048576K
Event: 9.272 GC heap after
Heap after GC invocations=4 (full 1):
 PSYoungGen      total 139776K, used 7059K [0x000000076c380000, 0x0000000777380000, 0x00000007c0000000)
  eden space 129024K, 0% used [0x000000076c380000,0x000000076c380000,0x0000000774180000)
  from space 10752K, 65% used [0x0000000774180000,0x0000000774864f00,0x0000000774c00000)
  to   space 10752K, 0% used [0x0000000776900000,0x0000000776900000,0x0000000777380000)
 ParOldGen       total 128000K, used 13959K [0x00000006c4a00000, 0x00000006cc700000, 0x000000076c380000)
  object space 128000K, 10% used [0x00000006c4a00000,0x00000006c57a1e80,0x00000006cc700000)
 Metaspace       used 34096K, capacity 35162K, committed 35456K, reserved 1081344K
  class space    used 4057K, capacity 4363K, committed 4480K, reserved 1048576K
}
Event: 9.272 GC heap before
{Heap before GC invocations=5 (full 2):
 PSYoungGen      total 139776K, used 7059K [0x000000076c380000, 0x0000000777380000, 0x00000007c0000000)
  eden space 129024K, 0% used [0x000000076c380000,0x000000076c380000,0x0000000774180000)
  from space 10752K, 65% used [0x0000000774180000,0x0000000774864f00,0x0000000774c00000)
  to   space 10752K, 0% used [0x0000000776900000,0x0000000776900000,0x0000000777380000)
 ParOldGen       total 128000K, used 13959K [0x00000006c4a00000, 0x00000006cc700000, 0x000000076c380000)
  object space 128000K, 10% used [0x00000006c4a00000,0x00000006c57a1e80,0x00000006cc700000)
 Metaspace       used 34096K, capacity 35162K, committed 35456K, reserved 1081344K
  class space    used 4057K, capacity 4363K, committed 4480K, reserved 1048576K
Event: 9.314 GC heap after
Heap after GC invocations=5 (full 2):
 PSYoungGen      total 139776K, used 0K [0x000000076c380000, 0x0000000777380000, 0x00000007c0000000)
  eden space 129024K, 0% used [0x000000076c380000,0x000000076c380000,0x0000000774180000)
  from space 10752K, 0% used [0x0000000774180000,0x0000000774180000,0x0000000774c00000)
  to   space 10752K, 0% used [0x0000000776900000,0x0000000776900000,0x0000000777380000)
 ParOldGen       total 205824K, used 18703K [0x00000006c4a00000, 0x00000006d1300000, 0x000000076c380000)
  object space 205824K, 9% used [0x00000006c4a00000,0x00000006c5c43ef8,0x00000006d1300000)
 Metaspace       used 34096K, capacity 35162K, committed 35456K, reserved 1081344K
  class space    used 4057K, capacity 4363K, committed 4480K, reserved 1048576K
}

