# JRE version: Java(TM) SE Runtime Environment (8.0_202-b08) (build 1.8.0_202-b08)
# Java VM: Java HotSpot(TM) 64-Bit Server VM (25.202-b08 mixed mode windows-amd64 compressed oops)
Heap:
 PSYoungGen      total 139776K, used 80020K [0x000000076c380000, 0x0000000775680000, 0x00000007c0000000)
  eden space 129024K, 62% used [0x000000076c380000,0x00000007711a53c0,0x0000000774180000)
  from space 10752K, 0% used [0x0000000774c00000,0x0000000774c00000,0x0000000775680000)
  to   space 10752K, 0% used [0x0000000774180000,0x0000000774180000,0x0000000774c00000)
 ParOldGen       total 129536K, used 13930K [0x00000006c4a00000, 0x00000006cc880000, 0x000000076c380000)
  object space 129536K, 10% used [0x00000006c4a00000,0x00000006c579a9d8,0x00000006cc880000)
 Metaspace       used 33794K, capacity 34874K, committed 35200K, reserved 1079296K
  class space    used 4097K, capacity 4395K, committed 4480K, reserved 1048576K
GC Heap History (6 events):
Event: 0.420 GC heap before
{Heap before GC invocations=1 (full 0):
 PSYoungGen      total 75264K, used 64512K [0x000000076c380000, 0x0000000771780000, 0x00000007c0000000)
  eden space 64512K, 100% used [0x000000076c380000,0x0000000770280000,0x0000000770280000)
  from space 10752K, 0% used [0x0000000770d00000,0x0000000770d00000,0x0000000771780000)
  to   space 10752K, 0% used [0x0000000770280000,0x0000000770280000,0x0000000770d00000)
 ParOldGen       total 172032K, used 0K [0x00000006c4a00000, 0x00000006cf200000, 0x000000076c380000)
  object space 172032K, 0% used [0x00000006c4a00000,0x00000006c4a00000,0x00000006cf200000)
 Metaspace       used 13179K, capacity 14070K, committed 14208K, reserved 1060864K
  class space    used 1631K, capacity 1906K, committed 1920K, reserved 1048576K
Event: 0.425 GC heap after
Heap after GC invocations=1 (full 0):
 PSYoungGen      total 75264K, used 10623K [0x000000076c380000, 0x0000000775680000, 0x00000007c0000000)
  eden space 64512K, 0% used [0x000000076c380000,0x000000076c380000,0x0000000770280000)
  from space 10752K, 98% used [0x0000000770280000,0x0000000770cdfe38,0x0000000770d00000)
  to   space 10752K, 0% used [0x0000000774c00000,0x0000000774c00000,0x0000000775680000)
 ParOldGen       total 172032K, used 16K [0x00000006c4a00000, 0x00000006cf200000, 0x000000076c380000)
  object space 172032K, 0% used [0x00000006c4a00000,0x00000006c4a04000,0x00000006cf200000)
 Metaspace       used 13179K, capacity 14070K, committed 14208K, reserved 1060864K
  class space    used 1631K, capacity 1906K, committed 1920K, reserved 1048576K
}
Event: 1.001 GC heap before
{Heap before GC invocations=2 (full 0):
 PSYoungGen      total 75264K, used 72477K [0x000000076c380000, 0x0000000775680000, 0x00000007c0000000)
  eden space 64512K, 95% used [0x000000076c380000,0x000000076ffe7918,0x0000000770280000)
  from space 10752K, 98% used [0x0000000770280000,0x0000000770cdfe38,0x0000000770d00000)
  to   space 10752K, 0% used [0x0000000774c00000,0x0000000774c00000,0x0000000775680000)
 ParOldGen       total 172032K, used 16K [0x00000006c4a00000, 0x00000006cf200000, 0x000000076c380000)
  object space 172032K, 0% used [0x00000006c4a00000,0x00000006c4a04000,0x00000006cf200000)
 Metaspace       used 20130K, capacity 21140K, committed 21296K, reserved 1067008K
  class space    used 2572K, capacity 2869K, committed 2944K, reserved 1048576K
Event: 1.008 GC heap after
Heap after GC invocations=2 (full 0):
 PSYoungGen      total 139776K, used 10732K [0x000000076c380000, 0x0000000775680000, 0x00000007c0000000)
  eden space 129024K, 0% used [0x000000076c380000,0x000000076c380000,0x0000000774180000)
  from space 10752K, 99% used [0x0000000774c00000,0x000000077567b320,0x0000000775680000)
  to   space 10752K, 0% used [0x0000000774180000,0x0000000774180000,0x0000000774c00000)
 ParOldGen       total 172032K, used 3456K [0x00000006c4a00000, 0x00000006cf200000, 0x000000076c380000)
  object space 172032K, 2% used [0x00000006c4a00000,0x00000006c4d600b8,0x00000006cf200000)
 Metaspace       used 20130K, capacity 21140K, committed 21296K, reserved 1067008K
  class space    used 2572K, capacity 2869K, committed 2944K, reserved 1048576K
}
Event: 1.008 GC heap before
{Heap before GC invocations=3 (full 1):
 PSYoungGen      total 139776K, used 10732K [0x000000076c380000, 0x0000000775680000, 0x00000007c0000000)
  eden space 129024K, 0% used [0x000000076c380000,0x000000076c380000,0x0000000774180000)
  from space 10752K, 99% used [0x0000000774c00000,0x000000077567b320,0x0000000775680000)
  to   space 10752K, 0% used [0x0000000774180000,0x0000000774180000,0x0000000774c00000)
 ParOldGen       total 172032K, used 3456K [0x00000006c4a00000, 0x00000006cf200000, 0x000000076c380000)
  object space 172032K, 2% used [0x00000006c4a00000,0x00000006c4d600b8,0x00000006cf200000)
 Metaspace       used 20130K, capacity 21140K, committed 21296K, reserved 1067008K
  class space    used 2572K, capacity 2869K, committed 2944K, reserved 1048576K
Event: 1.040 GC heap after
Heap after GC invocations=3 (full 1):
 PSYoungGen      total 139776K, used 0K [0x000000076c380000, 0x0000000775680000, 0x00000007c0000000)
  eden space 129024K, 0% used [0x000000076c380000,0x000000076c380000,0x0000000774180000)
  from space 10752K, 0% used [0x0000000774c00000,0x0000000774c00000,0x0000000775680000)
  to   space 10752K, 0% used [0x0000000774180000,0x0000000774180000,0x0000000774c00000)
 ParOldGen       total 129536K, used 13930K [0x00000006c4a00000, 0x00000006cc880000, 0x000000076c380000)
  object space 129536K, 10% used [0x00000006c4a00000,0x00000006c579a9d8,0x00000006cc880000)
 Metaspace       used 20129K, capacity 21138K, committed 21296K, reserved 1067008K
  class space    used 2571K, capacity 2868K, committed 2944K, reserved 1048576K
}

