# JRE version: Java(TM) SE Runtime Environment (8.0_202-b08) (build 1.8.0_202-b08)
# Java VM: Java HotSpot(TM) 64-Bit Server VM (25.202-b08 mixed mode windows-amd64 compressed oops)
Heap:
 PSYoungGen      total 139776K, used 16576K [0x000000076c380000, 0x0000000777500000, 0x00000007c0000000)
  eden space 129024K, 12% used [0x000000076c380000,0x000000076d3b02a8,0x0000000774180000)
  from space 10752K, 0% used [0x0000000774180000,0x0000000774180000,0x0000000774c00000)
  to   space 10752K, 0% used [0x0000000776a80000,0x0000000776a80000,0x0000000777500000)
 ParOldGen       total 212480K, used 18363K [0x00000006c4a00000, 0x00000006d1980000, 0x000000076c380000)
  object space 212480K, 8% used [0x00000006c4a00000,0x00000006c5beef88,0x00000006d1980000)
 Metaspace       used 34733K, capacity 35834K, committed 36224K, reserved 1081344K
  class space    used 4160K, capacity 4459K, committed 4480K, reserved 1048576K
GC Heap History (10 events):
Event: 0.411 GC heap before
{Heap before GC invocations=1 (full 0):
 PSYoungGen      total 75264K, used 64512K [0x000000076c380000, 0x0000000771780000, 0x00000007c0000000)
  eden space 64512K, 100% used [0x000000076c380000,0x0000000770280000,0x0000000770280000)
  from space 10752K, 0% used [0x0000000770d00000,0x0000000770d00000,0x0000000771780000)
  to   space 10752K, 0% used [0x0000000770280000,0x0000000770280000,0x0000000770d00000)
 ParOldGen       total 172032K, used 0K [0x00000006c4a00000, 0x00000006cf200000, 0x000000076c380000)
  object space 172032K, 0% used [0x00000006c4a00000,0x00000006c4a00000,0x00000006cf200000)
 Metaspace       used 13202K, capacity 14102K, committed 14208K, reserved 1060864K
  class space    used 1629K, capacity 1874K, committed 1920K, reserved 1048576K
Event: 0.417 GC heap after
Heap after GC invocations=1 (full 0):
 PSYoungGen      total 75264K, used 10349K [0x000000076c380000, 0x0000000775680000, 0x00000007c0000000)
  eden space 64512K, 0% used [0x000000076c380000,0x000000076c380000,0x0000000770280000)
  from space 10752K, 96% used [0x0000000770280000,0x0000000770c9b7b8,0x0000000770d00000)
  to   space 10752K, 0% used [0x0000000774c00000,0x0000000774c00000,0x0000000775680000)
 ParOldGen       total 172032K, used 16K [0x00000006c4a00000, 0x00000006cf200000, 0x000000076c380000)
  object space 172032K, 0% used [0x00000006c4a00000,0x00000006c4a04000,0x00000006cf200000)
 Metaspace       used 13202K, capacity 14102K, committed 14208K, reserved 1060864K
  class space    used 1629K, capacity 1874K, committed 1920K, reserved 1048576K
}
Event: 1.014 GC heap before
{Heap before GC invocations=2 (full 0):
 PSYoungGen      total 75264K, used 72239K [0x000000076c380000, 0x0000000775680000, 0x00000007c0000000)
  eden space 64512K, 95% used [0x000000076c380000,0x000000076fff0630,0x0000000770280000)
  from space 10752K, 96% used [0x0000000770280000,0x0000000770c9b7b8,0x0000000770d00000)
  to   space 10752K, 0% used [0x0000000774c00000,0x0000000774c00000,0x0000000775680000)
 ParOldGen       total 172032K, used 16K [0x00000006c4a00000, 0x00000006cf200000, 0x000000076c380000)
  object space 172032K, 0% used [0x00000006c4a00000,0x00000006c4a04000,0x00000006cf200000)
 Metaspace       used 20126K, capacity 21140K, committed 21296K, reserved 1067008K
  class space    used 2568K, capacity 2869K, committed 2944K, reserved 1048576K
Event: 1.023 GC heap after
Heap after GC invocations=2 (full 0):
 PSYoungGen      total 139776K, used 10740K [0x000000076c380000, 0x0000000775680000, 0x00000007c0000000)
  eden space 129024K, 0% used [0x000000076c380000,0x000000076c380000,0x0000000774180000)
  from space 10752K, 99% used [0x0000000774c00000,0x000000077567d330,0x0000000775680000)
  to   space 10752K, 0% used [0x0000000774180000,0x0000000774180000,0x0000000774c00000)
 ParOldGen       total 172032K, used 3467K [0x00000006c4a00000, 0x00000006cf200000, 0x000000076c380000)
  object space 172032K, 2% used [0x00000006c4a00000,0x00000006c4d62d18,0x00000006cf200000)
 Metaspace       used 20126K, capacity 21140K, committed 21296K, reserved 1067008K
  class space    used 2568K, capacity 2869K, committed 2944K, reserved 1048576K
}
Event: 1.023 GC heap before
{Heap before GC invocations=3 (full 1):
 PSYoungGen      total 139776K, used 10740K [0x000000076c380000, 0x0000000775680000, 0x00000007c0000000)
  eden space 129024K, 0% used [0x000000076c380000,0x000000076c380000,0x0000000774180000)
  from space 10752K, 99% used [0x0000000774c00000,0x000000077567d330,0x0000000775680000)
  to   space 10752K, 0% used [0x0000000774180000,0x0000000774180000,0x0000000774c00000)
 ParOldGen       total 172032K, used 3467K [0x00000006c4a00000, 0x00000006cf200000, 0x000000076c380000)
  object space 172032K, 2% used [0x00000006c4a00000,0x00000006c4d62d18,0x00000006cf200000)
 Metaspace       used 20126K, capacity 21140K, committed 21296K, reserved 1067008K
  class space    used 2568K, capacity 2869K, committed 2944K, reserved 1048576K
Event: 1.056 GC heap after
Heap after GC invocations=3 (full 1):
 PSYoungGen      total 139776K, used 0K [0x000000076c380000, 0x0000000775680000, 0x00000007c0000000)
  eden space 129024K, 0% used [0x000000076c380000,0x000000076c380000,0x0000000774180000)
  from space 10752K, 0% used [0x0000000774c00000,0x0000000774c00000,0x0000000775680000)
  to   space 10752K, 0% used [0x0000000774180000,0x0000000774180000,0x0000000774c00000)
 ParOldGen       total 128000K, used 13954K [0x00000006c4a00000, 0x00000006cc700000, 0x000000076c380000)
  object space 128000K, 10% used [0x00000006c4a00000,0x00000006c57a08f0,0x00000006cc700000)
 Metaspace       used 20125K, capacity 21138K, committed 21296K, reserved 1067008K
  class space    used 2567K, capacity 2868K, committed 2944K, reserved 1048576K
}
Event: 2.868 GC heap before
{Heap before GC invocations=4 (full 1):
 PSYoungGen      total 139776K, used 74659K [0x000000076c380000, 0x0000000775680000, 0x00000007c0000000)
  eden space 129024K, 57% used [0x000000076c380000,0x0000000770c68c58,0x0000000774180000)
  from space 10752K, 0% used [0x0000000774c00000,0x0000000774c00000,0x0000000775680000)
  to   space 10752K, 0% used [0x0000000774180000,0x0000000774180000,0x0000000774c00000)
 ParOldGen       total 128000K, used 13954K [0x00000006c4a00000, 0x00000006cc700000, 0x000000076c380000)
  object space 128000K, 10% used [0x00000006c4a00000,0x00000006c57a08f0,0x00000006cc700000)
 Metaspace       used 34120K, capacity 35188K, committed 35456K, reserved 1081344K
  class space    used 4092K, capacity 4394K, committed 4480K, reserved 1048576K
Event: 2.873 GC heap after
Heap after GC invocations=4 (full 1):
 PSYoungGen      total 139776K, used 6722K [0x000000076c380000, 0x0000000777500000, 0x00000007c0000000)
  eden space 129024K, 0% used [0x000000076c380000,0x000000076c380000,0x0000000774180000)
  from space 10752K, 62% used [0x0000000774180000,0x0000000774810a78,0x0000000774c00000)
  to   space 10752K, 0% used [0x0000000776a80000,0x0000000776a80000,0x0000000777500000)
 ParOldGen       total 128000K, used 13962K [0x00000006c4a00000, 0x00000006cc700000, 0x000000076c380000)
  object space 128000K, 10% used [0x00000006c4a00000,0x00000006c57a28f0,0x00000006cc700000)
 Metaspace       used 34120K, capacity 35188K, committed 35456K, reserved 1081344K
  class space    used 4092K, capacity 4394K, committed 4480K, reserved 1048576K
}
Event: 2.873 GC heap before
{Heap before GC invocations=5 (full 2):
 PSYoungGen      total 139776K, used 6722K [0x000000076c380000, 0x0000000777500000, 0x00000007c0000000)
  eden space 129024K, 0% used [0x000000076c380000,0x000000076c380000,0x0000000774180000)
  from space 10752K, 62% used [0x0000000774180000,0x0000000774810a78,0x0000000774c00000)
  to   space 10752K, 0% used [0x0000000776a80000,0x0000000776a80000,0x0000000777500000)
 ParOldGen       total 128000K, used 13962K [0x00000006c4a00000, 0x00000006cc700000, 0x000000076c380000)
  object space 128000K, 10% used [0x00000006c4a00000,0x00000006c57a28f0,0x00000006cc700000)
 Metaspace       used 34120K, capacity 35188K, committed 35456K, reserved 1081344K
  class space    used 4092K, capacity 4394K, committed 4480K, reserved 1048576K
Event: 2.913 GC heap after
Heap after GC invocations=5 (full 2):
 PSYoungGen      total 139776K, used 0K [0x000000076c380000, 0x0000000777500000, 0x00000007c0000000)
  eden space 129024K, 0% used [0x000000076c380000,0x000000076c380000,0x0000000774180000)
  from space 10752K, 0% used [0x0000000774180000,0x0000000774180000,0x0000000774c00000)
  to   space 10752K, 0% used [0x0000000776a80000,0x0000000776a80000,0x0000000777500000)
 ParOldGen       total 212480K, used 18363K [0x00000006c4a00000, 0x00000006d1980000, 0x000000076c380000)
  object space 212480K, 8% used [0x00000006c4a00000,0x00000006c5beef88,0x00000006d1980000)
 Metaspace       used 34120K, capacity 35188K, committed 35456K, reserved 1081344K
  class space    used 4092K, capacity 4394K, committed 4480K, reserved 1048576K
}

